<?xml version="1.0" encoding="UTF-8"?>
<!-- Generated by org.testng.reporters.JUnitXMLReporter -->
<testsuite ignored="0" hostname="DESKTOP-FVKAUBM" failures="1" tests="5" name="page object model" time="8.816" errors="0" timestamp="2024-04-22T18:59:51 EEST">
  <testcase classname="bsDemo.LoginTests" name="lockedAccount" time="0.612"/>
  <testcase classname="bsDemo.LoginTests" name="successfulLogin" time="0.632"/>
  <testcase classname="bsDemo.LoginTests" name="unsuccessfulLogin" time="0.581"/>
  <testcase classname="bsDemo.BuyProductTest" name="buyProduct" time="1.671"/>
  <testcase classname="bsDemo.AddToFavouritesTest" name="addToFavourites" time="1.053">
    <failure type="java.lang.AssertionError" message="expected [true] but found [false]">
      <![CDATA[java.lang.AssertionError: expected [true] but found [false]
at bsDemo.HomePage.verifyFavouritesClicked(bsDemo.HomePage.java:87)
at bsDemo.AddToFavouritesTest.addToFavourites(bsDemo.AddToFavouritesTest.java:15)
at java.base/java.util.ArrayList.forEach(ArrayList.java:1596)
at com.intellij.rt.testng.IDEARemoteTestNG.run(IDEARemoteTestNG.java:65)
at com.intellij.rt.testng.RemoteTestNGStarter.main(RemoteTestNGStarter.java:105)
... Removed 26 stack frames]]>
    </failure>
  </testcase> <!-- addToFavourites -->
</testsuite> <!-- page object model -->
