<?xml version="1.0" encoding="UTF-8"?>
<testng-results ignored="0" total="5" passed="4" failed="1" skipped="0">
  <reporter-output>
  </reporter-output>
  <suite started-at="2024-04-22T18:59:42 EEST" name="page object model" finished-at="2024-04-22T18:59:51 EEST" duration-ms="8816">
    <groups>
    </groups>
    <test started-at="2024-04-22T18:59:42 EEST" name="page object model" finished-at="2024-04-22T18:59:51 EEST" duration-ms="8816">
      <class name="bsDemo.BuyProductTest">
        <test-method is-config="true" signature="setup()[pri:0, instance:bsDemo.BuyProductTest@2aa3cd93]" started-at="2024-04-22T18:59:46 EEST" name="setup" finished-at="2024-04-22T18:59:47 EEST" duration-ms="719" status="PASS">
          <reporter-output>
          </reporter-output>
        </test-method> <!-- setup -->
        <test-method signature="buyProduct()[pri:0, instance:bsDemo.BuyProductTest@2aa3cd93]" started-at="2024-04-22T18:59:47 EEST" name="buyProduct" finished-at="2024-04-22T18:59:49 EEST" duration-ms="1671" status="PASS">
          <reporter-output>
          </reporter-output>
        </test-method> <!-- buyProduct -->
        <test-method is-config="true" signature="tearDown()[pri:0, instance:bsDemo.BuyProductTest@2aa3cd93]" started-at="2024-04-22T18:59:49 EEST" name="tearDown" finished-at="2024-04-22T18:59:49 EEST" duration-ms="77" status="PASS">
          <reporter-output>
          </reporter-output>
        </test-method> <!-- tearDown -->
      </class> <!-- bsDemo.BuyProductTest -->
      <class name="bsDemo.AddToFavouritesTest">
        <test-method is-config="true" signature="setup()[pri:0, instance:bsDemo.AddToFavouritesTest@7ea37dbf]" started-at="2024-04-22T18:59:49 EEST" name="setup" finished-at="2024-04-22T18:59:50 EEST" duration-ms="723" status="PASS">
          <reporter-output>
          </reporter-output>
        </test-method> <!-- setup -->
        <test-method signature="addToFavourites()[pri:0, instance:bsDemo.AddToFavouritesTest@7ea37dbf]" started-at="2024-04-22T18:59:50 EEST" name="addToFavourites" finished-at="2024-04-22T18:59:51 EEST" duration-ms="1053" status="FAIL">
          <exception class="java.lang.AssertionError">
            <message>
              <![CDATA[expected [true] but found [false]]]>
            </message>
            <full-stacktrace>
              <![CDATA[java.lang.AssertionError: expected [true] but found [false]
at org.testng.Assert.fail(Assert.java:111)
at org.testng.Assert.failNotEquals(Assert.java:1578)
at org.testng.Assert.assertTrue(Assert.java:57)
at org.testng.Assert.assertTrue(Assert.java:67)
at bsDemo.HomePage.verifyFavouritesClicked(bsDemo.HomePage.java:87)
at bsDemo.AddToFavouritesTest.addToFavourites(bsDemo.AddToFavouritesTest.java:15)
at java.base/jdk.internal.reflect.DirectMethodHandleAccessor.invoke(DirectMethodHandleAccessor.java:103)
at java.base/java.lang.reflect.Method.invoke(Method.java:580)
at org.testng.internal.invokers.MethodInvocationHelper.invokeMethod(MethodInvocationHelper.java:139)
at org.testng.internal.invokers.TestInvoker.invokeMethod(TestInvoker.java:664)
at org.testng.internal.invokers.TestInvoker.invokeTestMethod(TestInvoker.java:228)
at org.testng.internal.invokers.MethodRunner.runInSequence(MethodRunner.java:63)
at org.testng.internal.invokers.TestInvoker$MethodInvocationAgent.invoke(TestInvoker.java:961)
at org.testng.internal.invokers.TestInvoker.invokeTestMethods(TestInvoker.java:201)
at org.testng.internal.invokers.TestMethodWorker.invokeTestMethods(TestMethodWorker.java:148)
at org.testng.internal.invokers.TestMethodWorker.run(TestMethodWorker.java:128)
at java.base/java.util.ArrayList.forEach(ArrayList.java:1596)
at org.testng.TestRunner.privateRun(TestRunner.java:819)
at org.testng.TestRunner.run(TestRunner.java:619)
at org.testng.SuiteRunner.runTest(SuiteRunner.java:443)
at org.testng.SuiteRunner.runSequentially(SuiteRunner.java:437)
at org.testng.SuiteRunner.privateRun(SuiteRunner.java:397)
at org.testng.SuiteRunner.run(SuiteRunner.java:336)
at org.testng.SuiteRunnerWorker.runSuite(SuiteRunnerWorker.java:52)
at org.testng.SuiteRunnerWorker.run(SuiteRunnerWorker.java:95)
at org.testng.TestNG.runSuitesSequentially(TestNG.java:1301)
at org.testng.TestNG.runSuitesLocally(TestNG.java:1228)
at org.testng.TestNG.runSuites(TestNG.java:1134)
at org.testng.TestNG.run(TestNG.java:1101)
at com.intellij.rt.testng.IDEARemoteTestNG.run(IDEARemoteTestNG.java:65)
at com.intellij.rt.testng.RemoteTestNGStarter.main(RemoteTestNGStarter.java:105)
]]>
            </full-stacktrace>
          </exception> <!-- java.lang.AssertionError -->
          <reporter-output>
          </reporter-output>
        </test-method> <!-- addToFavourites -->
        <test-method is-config="true" signature="tearDown()[pri:0, instance:bsDemo.AddToFavouritesTest@7ea37dbf]" started-at="2024-04-22T18:59:51 EEST" name="tearDown" finished-at="2024-04-22T18:59:51 EEST" duration-ms="82" status="PASS">
          <reporter-output>
          </reporter-output>
        </test-method> <!-- tearDown -->
      </class> <!-- bsDemo.AddToFavouritesTest -->
      <class name="bsDemo.LoginTests">
        <test-method is-config="true" signature="setup()[pri:0, instance:bsDemo.LoginTests@78b1cc93]" started-at="2024-04-22T18:59:42 EEST" name="setup" finished-at="2024-04-22T18:59:43 EEST" duration-ms="971" status="PASS">
          <reporter-output>
          </reporter-output>
        </test-method> <!-- setup -->
        <test-method signature="lockedAccount()[pri:0, instance:bsDemo.LoginTests@78b1cc93]" started-at="2024-04-22T18:59:43 EEST" name="lockedAccount" finished-at="2024-04-22T18:59:44 EEST" duration-ms="612" status="PASS">
          <reporter-output>
          </reporter-output>
        </test-method> <!-- lockedAccount -->
        <test-method is-config="true" signature="tearDown()[pri:0, instance:bsDemo.LoginTests@78b1cc93]" started-at="2024-04-22T18:59:44 EEST" name="tearDown" finished-at="2024-04-22T18:59:44 EEST" duration-ms="70" status="PASS">
          <reporter-output>
          </reporter-output>
        </test-method> <!-- tearDown -->
        <test-method is-config="true" signature="setup()[pri:0, instance:bsDemo.LoginTests@78b1cc93]" started-at="2024-04-22T18:59:44 EEST" name="setup" finished-at="2024-04-22T18:59:44 EEST" duration-ms="747" status="PASS">
          <reporter-output>
          </reporter-output>
        </test-method> <!-- setup -->
        <test-method signature="successfulLogin()[pri:0, instance:bsDemo.LoginTests@78b1cc93]" started-at="2024-04-22T18:59:44 EEST" name="successfulLogin" finished-at="2024-04-22T18:59:45 EEST" duration-ms="632" status="PASS">
          <reporter-output>
          </reporter-output>
        </test-method> <!-- successfulLogin -->
        <test-method is-config="true" signature="tearDown()[pri:0, instance:bsDemo.LoginTests@78b1cc93]" started-at="2024-04-22T18:59:45 EEST" name="tearDown" finished-at="2024-04-22T18:59:45 EEST" duration-ms="65" status="PASS">
          <reporter-output>
          </reporter-output>
        </test-method> <!-- tearDown -->
        <test-method is-config="true" signature="setup()[pri:0, instance:bsDemo.LoginTests@78b1cc93]" started-at="2024-04-22T18:59:45 EEST" name="setup" finished-at="2024-04-22T18:59:46 EEST" duration-ms="720" status="PASS">
          <reporter-output>
          </reporter-output>
        </test-method> <!-- setup -->
        <test-method signature="unsuccessfulLogin()[pri:0, instance:bsDemo.LoginTests@78b1cc93]" started-at="2024-04-22T18:59:46 EEST" name="unsuccessfulLogin" finished-at="2024-04-22T18:59:46 EEST" duration-ms="581" status="PASS">
          <reporter-output>
          </reporter-output>
        </test-method> <!-- unsuccessfulLogin -->
        <test-method is-config="true" signature="tearDown()[pri:0, instance:bsDemo.LoginTests@78b1cc93]" started-at="2024-04-22T18:59:46 EEST" name="tearDown" finished-at="2024-04-22T18:59:46 EEST" duration-ms="70" status="PASS">
          <reporter-output>
          </reporter-output>
        </test-method> <!-- tearDown -->
      </class> <!-- bsDemo.LoginTests -->
    </test> <!-- page object model -->
  </suite> <!-- page object model -->
</testng-results>
